build/app/intermediates/manifest_merge_blame_file/debug/manifest-merger-blame-debug-report.txt
1<?xml version="1.0" encoding="utf-8"?>
2<manifest xmlns:android="http://schemas.android.com/apk/res/android"
3    package="com.firebrainsgrp.Nuvle"
4    android:versionCode="1"
5    android:versionName="1.0.0" >
6
7    <uses-sdk
8        android:minSdkVersion="24"
9        android:targetSdkVersion="28" />
10    <!--
11         Flutter needs it to communicate with the running application
12         to allow setting breakpoints, to provide hot reload, etc.
13    -->
14    <uses-permission android:name="android.permission.INTERNET" />
14-->src\main\AndroidManifest.xml:8:5-66
14-->src\main\AndroidManifest.xml:8:22-64
15    <uses-permission android:name="android.permission.CAMERA" />
15-->src\main\AndroidManifest.xml:9:5-65
15-->src\main\AndroidManifest.xml:9:22-62
16    <uses-permission android:name="android.permission.ACCESS_FINE_LOCATION" />
16-->src\main\AndroidManifest.xml:10:5-79
16-->src\main\AndroidManifest.xml:10:22-76
17    <uses-permission android:name="android.permission.ACCESS_COARSE_LOCATION" />
17-->src\main\AndroidManifest.xml:11:5-81
17-->src\main\AndroidManifest.xml:11:22-78
18    <uses-permission android:name="android.permission.READ_EXTERNAL_STORAGE" />
18-->[:image_picker] AndroidManifest.xml:7:5-80
18-->[:image_picker] AndroidManifest.xml:7:22-77
19    <uses-permission android:name="android.permission.WRITE_EXTERNAL_STORAGE" /> <!-- Don't require camera, as this requires a rear camera. This allows it to work on the Nexus 7 -->
19-->[:image_picker] AndroidManifest.xml:8:5-81
19-->[:image_picker] AndroidManifest.xml:8:22-78
20    <uses-feature
20-->[com.journeyapps:zxing-android-embedded:4.0.2] AndroidManifest.xml:25:5-27:36
21        android:name="android.hardware.camera"
21-->[com.journeyapps:zxing-android-embedded:4.0.2] AndroidManifest.xml:26:9-47
22        android:required="false" />
22-->[com.journeyapps:zxing-android-embedded:4.0.2] AndroidManifest.xml:27:9-33
23    <uses-feature
23-->[com.journeyapps:zxing-android-embedded:4.0.2] AndroidManifest.xml:28:5-30:36
24        android:name="android.hardware.camera.front"
24-->[com.journeyapps:zxing-android-embedded:4.0.2] AndroidManifest.xml:29:9-53
25        android:required="false" /> <!-- TODO replace above two with next line after Android 4.2 -->
25-->[com.journeyapps:zxing-android-embedded:4.0.2] AndroidManifest.xml:30:9-33
26    <!-- <uses-feature android:name="android.hardware.camera.any"/> -->
27    <uses-feature
27-->[com.journeyapps:zxing-android-embedded:4.0.2] AndroidManifest.xml:33:5-35:36
28        android:name="android.hardware.camera.autofocus"
28-->[com.journeyapps:zxing-android-embedded:4.0.2] AndroidManifest.xml:34:9-57
29        android:required="false" />
29-->[com.journeyapps:zxing-android-embedded:4.0.2] AndroidManifest.xml:35:9-33
30    <uses-feature
30-->[com.journeyapps:zxing-android-embedded:4.0.2] AndroidManifest.xml:36:5-38:36
31        android:name="android.hardware.camera.flash"
31-->[com.journeyapps:zxing-android-embedded:4.0.2] AndroidManifest.xml:37:9-53
32        android:required="false" />
32-->[com.journeyapps:zxing-android-embedded:4.0.2] AndroidManifest.xml:38:9-33
33    <uses-feature
33-->[com.journeyapps:zxing-android-embedded:4.0.2] AndroidManifest.xml:39:5-41:36
34        android:name="android.hardware.screen.landscape"
34-->[com.journeyapps:zxing-android-embedded:4.0.2] AndroidManifest.xml:40:9-57
35        android:required="false" />
35-->[com.journeyapps:zxing-android-embedded:4.0.2] AndroidManifest.xml:41:9-33
36    <uses-feature
36-->[com.journeyapps:zxing-android-embedded:4.0.2] AndroidManifest.xml:42:5-44:36
37        android:name="android.hardware.wifi"
37-->[com.journeyapps:zxing-android-embedded:4.0.2] AndroidManifest.xml:43:9-45
38        android:required="false" /> <!-- Include required permissions for Google Maps API to run. -->
38-->[com.journeyapps:zxing-android-embedded:4.0.2] AndroidManifest.xml:44:9-33
39    <uses-permission android:name="android.permission.ACCESS_NETWORK_STATE" />
39-->[com.google.android.gms:play-services-maps:17.0.0] AndroidManifest.xml:23:5-79
39-->[com.google.android.gms:play-services-maps:17.0.0] AndroidManifest.xml:23:22-76
40
41    <uses-feature
41-->[com.google.android.gms:play-services-maps:17.0.0] AndroidManifest.xml:26:5-28:35
42        android:glEsVersion="0x00020000"
42-->[com.google.android.gms:play-services-maps:17.0.0] AndroidManifest.xml:27:9-41
43        android:required="true" />
43-->[com.google.android.gms:play-services-maps:17.0.0] AndroidManifest.xml:28:9-32
44
45    <uses-permission android:name="android.permission.WAKE_LOCK" /> <!-- Required by older versions of Google Play services to create IID tokens -->
45-->[com.google.android.gms:play-services-measurement-api:17.2.2] AndroidManifest.xml:24:5-68
45-->[com.google.android.gms:play-services-measurement-api:17.2.2] AndroidManifest.xml:24:22-65
46    <uses-permission android:name="com.google.android.c2dm.permission.RECEIVE" />
46-->[com.google.firebase:firebase-iid:20.0.2] AndroidManifest.xml:26:5-82
46-->[com.google.firebase:firebase-iid:20.0.2] AndroidManifest.xml:26:22-79
47    <uses-permission android:name="com.google.android.finsky.permission.BIND_GET_INSTALL_REFERRER_SERVICE" />
47-->[com.google.android.gms:play-services-measurement:17.2.2] AndroidManifest.xml:26:5-110
47-->[com.google.android.gms:play-services-measurement:17.2.2] AndroidManifest.xml:26:22-107
48
49    <application
49-->src\main\AndroidManifest.xml:12:5-54:19
50        android:name="io.flutter.app.FlutterApplication"
50-->src\main\AndroidManifest.xml:13:9-57
51        android:appComponentFactory="androidx.core.app.CoreComponentFactory"
51-->[androidx.core:core:1.2.0] AndroidManifest.xml:24:18-86
52        android:debuggable="true"
53        android:icon="@mipmap/ic_launcher"
53-->src\main\AndroidManifest.xml:15:9-43
54        android:label="Nuvle"
54-->src\main\AndroidManifest.xml:14:9-30
55        android:theme="@style/Theme.AppCompat.Light.NoActionBar" >
55-->[:stripe_payment] AndroidManifest.xml:11:18-74
56        <activity
56-->src\main\AndroidManifest.xml:16:9-48:20
57            android:name="com.firebrainsgrp.Nuvle.MainActivity"
57-->src\main\AndroidManifest.xml:17:13-41
58            android:configChanges="orientation|keyboardHidden|keyboard|screenSize|smallestScreenSize|locale|layoutDirection|fontScale|screenLayout|density|uiMode"
58-->src\main\AndroidManifest.xml:20:13-163
59            android:hardwareAccelerated="true"
59-->src\main\AndroidManifest.xml:21:13-47
60            android:launchMode="singleTop"
60-->src\main\AndroidManifest.xml:18:13-43
61            android:theme="@style/LaunchTheme"
61-->src\main\AndroidManifest.xml:19:13-47
62            android:windowSoftInputMode="adjustResize" >
62-->src\main\AndroidManifest.xml:22:13-55
63
64            <!--
65                 Specifies an Android theme to apply to this Activity as soon as
66                 the Android process has started. This theme is visible to the user
67                 while the Flutter UI initializes. After that, this theme continues
68                 to determine the Window background behind the Flutter UI.
69            -->
70            <meta-data
70-->src\main\AndroidManifest.xml:27:13-30:17
71                android:name="io.flutter.embedding.android.NormalTheme"
71-->src\main\AndroidManifest.xml:28:15-70
72                android:resource="@style/NormalTheme" />
72-->src\main\AndroidManifest.xml:29:15-52
73            <!--
74                 Displays an Android View that continues showing the launch screen
75                 Drawable until Flutter paints its first frame, then this splash
76                 screen fades out. A splash screen is useful to avoid any visual
77                 gap between the end of Android's launch screen and the painting of
78                 Flutter's first frame.
79            -->
80            <meta-data
80-->src\main\AndroidManifest.xml:36:13-39:17
81                android:name="io.flutter.embedding.android.SplashScreenDrawable"
81-->src\main\AndroidManifest.xml:37:15-79
82                android:resource="@drawable/launch_background" />
82-->src\main\AndroidManifest.xml:38:15-61
83
84            <intent-filter>
84-->src\main\AndroidManifest.xml:40:13-43:29
85                <action android:name="android.intent.action.MAIN" />
85-->src\main\AndroidManifest.xml:41:17-68
85-->src\main\AndroidManifest.xml:41:25-66
86
87                <category android:name="android.intent.category.LAUNCHER" />
87-->src\main\AndroidManifest.xml:42:17-76
87-->src\main\AndroidManifest.xml:42:27-74
88            </intent-filter>
89            <intent-filter>
89-->src\main\AndroidManifest.xml:44:13-47:29
90                <action android:name="FLUTTER_NOTIFICATION_CLICK" />
90-->src\main\AndroidManifest.xml:45:17-69
90-->src\main\AndroidManifest.xml:45:25-66
91
92                <category android:name="android.intent.category.DEFAULT" />
92-->src\main\AndroidManifest.xml:46:17-76
92-->src\main\AndroidManifest.xml:46:27-73
93            </intent-filter>
94        </activity>
95        <!--
96             Don't delete the meta-data below.
97             This is used by the Flutter tool to generate GeneratedPluginRegistrant.java
98        -->
99        <meta-data
99-->src\main\AndroidManifest.xml:51:9-53:33
100            android:name="flutterEmbedding"
100-->src\main\AndroidManifest.xml:52:13-44
101            android:value="2" />
101-->src\main\AndroidManifest.xml:53:13-30
102
103        <provider
103-->[:image_picker] AndroidManifest.xml:11:9-19:20
104            android:name="io.flutter.plugins.imagepicker.ImagePickerFileProvider"
104-->[:image_picker] AndroidManifest.xml:12:13-82
105            android:authorities="com.firebrainsgrp.Nuvle.flutter.image_provider"
105-->[:image_picker] AndroidManifest.xml:13:13-74
106            android:exported="false"
106-->[:image_picker] AndroidManifest.xml:14:13-37
107            android:grantUriPermissions="true" >
107-->[:image_picker] AndroidManifest.xml:15:13-47
108            <meta-data
108-->[:image_picker] AndroidManifest.xml:16:13-18:75
109                android:name="android.support.FILE_PROVIDER_PATHS"
109-->[:image_picker] AndroidManifest.xml:17:17-67
110                android:resource="@xml/flutter_image_picker_file_paths" />
110-->[:image_picker] AndroidManifest.xml:18:17-72
111        </provider>
112
113        <activity
113-->[:url_launcher] AndroidManifest.xml:8:9-11:74
114            android:name="io.flutter.plugins.urllauncher.WebViewActivity"
114-->[:url_launcher] AndroidManifest.xml:9:13-74
115            android:exported="false"
115-->[:url_launcher] AndroidManifest.xml:10:13-37
116            android:theme="@android:style/Theme.NoTitleBar.Fullscreen" />
116-->[:url_launcher] AndroidManifest.xml:11:13-71
117
118        <meta-data
118-->[:stripe_payment] AndroidManifest.xml:12:9-14:36
119            android:name="com.google.android.gms.wallet.api.enabled"
119-->[:stripe_payment] AndroidManifest.xml:13:13-69
120            android:value="true" />
120-->[:stripe_payment] AndroidManifest.xml:14:13-33
121
122        <activity
122-->[:stripe_payment] AndroidManifest.xml:16:9-20:75
123            android:name="com.gettipsi.stripe.OpenBrowserActivity"
123-->[:stripe_payment] AndroidManifest.xml:17:13-67
124            android:exported="false"
124-->[:stripe_payment] AndroidManifest.xml:18:13-37
125            android:launchMode="singleTask"
125-->[:stripe_payment] AndroidManifest.xml:19:13-44
126            android:theme="@android:style/Theme.Translucent.NoTitleBar" />
126-->[:stripe_payment] AndroidManifest.xml:20:13-72
127        <activity
127-->[:stripe_payment] AndroidManifest.xml:21:9-34:20
128            android:name="com.gettipsi.stripe.RedirectUriReceiver"
128-->[:stripe_payment] AndroidManifest.xml:22:13-67
129            android:exported="true"
129-->[:stripe_payment] AndroidManifest.xml:23:13-36
130            android:launchMode="singleTask"
130-->[:stripe_payment] AndroidManifest.xml:24:13-44
131            android:theme="@android:style/Theme.Translucent.NoTitleBar.Fullscreen" >
131-->[:stripe_payment] AndroidManifest.xml:25:13-83
132            <intent-filter>
132-->[:stripe_payment] AndroidManifest.xml:26:13-33:29
133                <action android:name="android.intent.action.VIEW" />
133-->[:stripe_payment] AndroidManifest.xml:27:17-69
133-->[:stripe_payment] AndroidManifest.xml:27:25-66
134
135                <category android:name="android.intent.category.DEFAULT" />
135-->src\main\AndroidManifest.xml:46:17-76
135-->src\main\AndroidManifest.xml:46:27-73
136                <category android:name="android.intent.category.BROWSABLE" />
136-->[:stripe_payment] AndroidManifest.xml:30:17-78
136-->[:stripe_payment] AndroidManifest.xml:30:27-75
137
138                <data android:scheme="example" />
138-->[:stripe_payment] AndroidManifest.xml:32:17-50
138-->[:stripe_payment] AndroidManifest.xml:32:23-47
139            </intent-filter>
140        </activity>
141        <activity
141-->[:flutter_paystack] AndroidManifest.xml:10:9-12:54
142            android:name="co.paystack.flutterpaystack.AuthActivity"
142-->[:flutter_paystack] AndroidManifest.xml:11:13-68
143            android:theme="@style/Paystack.Dialog" />
143-->[:flutter_paystack] AndroidManifest.xml:12:13-51
144        <activity
144-->[com.stripe:stripe-android:10.4.6] AndroidManifest.xml:12:9-14:57
145            android:name="com.stripe.android.view.AddPaymentMethodActivity"
145-->[com.stripe:stripe-android:10.4.6] AndroidManifest.xml:13:13-76
146            android:theme="@style/StripeDefaultTheme" />
146-->[com.stripe:stripe-android:10.4.6] AndroidManifest.xml:14:13-54
147        <activity
147-->[com.stripe:stripe-android:10.4.6] AndroidManifest.xml:15:9-17:57
148            android:name="com.stripe.android.view.PaymentMethodsActivity"
148-->[com.stripe:stripe-android:10.4.6] AndroidManifest.xml:16:13-74
149            android:theme="@style/StripeDefaultTheme" />
149-->[com.stripe:stripe-android:10.4.6] AndroidManifest.xml:17:13-54
150        <activity
150-->[com.stripe:stripe-android:10.4.6] AndroidManifest.xml:18:9-20:57
151            android:name="com.stripe.android.view.PaymentFlowActivity"
151-->[com.stripe:stripe-android:10.4.6] AndroidManifest.xml:19:13-71
152            android:theme="@style/StripeDefaultTheme" />
152-->[com.stripe:stripe-android:10.4.6] AndroidManifest.xml:20:13-54
153        <activity
153-->[com.stripe:stripe-android:10.4.6] AndroidManifest.xml:21:9-23:57
154            android:name="com.stripe.android.view.PaymentAuthWebViewActivity"
154-->[com.stripe:stripe-android:10.4.6] AndroidManifest.xml:22:13-78
155            android:theme="@style/StripeDefaultTheme" />
155-->[com.stripe:stripe-android:10.4.6] AndroidManifest.xml:23:13-54
156        <activity
156-->[com.stripe:stripe-android:10.4.6] AndroidManifest.xml:24:9-26:57
157            android:name="com.stripe.android.view.PaymentRelayActivity"
157-->[com.stripe:stripe-android:10.4.6] AndroidManifest.xml:25:13-72
158            android:theme="@style/StripeDefaultTheme" />
158-->[com.stripe:stripe-android:10.4.6] AndroidManifest.xml:26:13-54
159        <activity
159-->[com.stripe:stripe-3ds2-android:1.2.2] AndroidManifest.xml:12:9-14:54
160            android:name="com.stripe.android.stripe3ds2.views.ChallengeActivity"
160-->[com.stripe:stripe-3ds2-android:1.2.2] AndroidManifest.xml:13:13-81
161            android:theme="@style/Stripe3DS2Theme" />
161-->[com.stripe:stripe-3ds2-android:1.2.2] AndroidManifest.xml:14:13-51
162        <activity
162-->[com.stripe:stripe-3ds2-android:1.2.2] AndroidManifest.xml:15:9-17:54
163            android:name="com.stripe.android.stripe3ds2.views.ChallengeProgressDialogActivity"
163-->[com.stripe:stripe-3ds2-android:1.2.2] AndroidManifest.xml:16:13-95
164            android:theme="@style/Stripe3DS2Theme" />
164-->[com.stripe:stripe-3ds2-android:1.2.2] AndroidManifest.xml:17:13-51
165        <activity
165-->[com.journeyapps:zxing-android-embedded:4.0.2] AndroidManifest.xml:47:9-53:63
166            android:name="com.journeyapps.barcodescanner.CaptureActivity"
166-->[com.journeyapps:zxing-android-embedded:4.0.2] AndroidManifest.xml:48:13-74
167            android:clearTaskOnLaunch="true"
167-->[com.journeyapps:zxing-android-embedded:4.0.2] AndroidManifest.xml:49:13-45
168            android:screenOrientation="sensorLandscape"
168-->[com.journeyapps:zxing-android-embedded:4.0.2] AndroidManifest.xml:50:13-56
169            android:stateNotNeeded="true"
169-->[com.journeyapps:zxing-android-embedded:4.0.2] AndroidManifest.xml:51:13-42
170            android:theme="@style/zxing_CaptureTheme"
170-->[com.journeyapps:zxing-android-embedded:4.0.2] AndroidManifest.xml:52:13-54
171            android:windowSoftInputMode="stateAlwaysHidden" /> <!-- Needs to be explicitly declared on P+ -->
171-->[com.journeyapps:zxing-android-embedded:4.0.2] AndroidManifest.xml:53:13-60
172        <uses-library
172-->[com.google.android.gms:play-services-maps:17.0.0] AndroidManifest.xml:33:9-35:40
173            android:name="org.apache.http.legacy"
173-->[com.google.android.gms:play-services-maps:17.0.0] AndroidManifest.xml:34:13-50
174            android:required="false" />
174-->[com.google.android.gms:play-services-maps:17.0.0] AndroidManifest.xml:35:13-37
175
176        <service
176-->[com.google.android.gms:play-services-measurement-api:17.2.2] AndroidManifest.xml:27:9-33:19
177            android:name="com.google.firebase.components.ComponentDiscoveryService"
177-->[com.google.android.gms:play-services-measurement-api:17.2.2] AndroidManifest.xml:28:13-84
178            android:directBootAware="true"
178-->[com.google.firebase:firebase-common:19.3.0] AndroidManifest.xml:34:13-43
179            android:exported="false" >
179-->[com.google.android.gms:play-services-measurement-api:17.2.2] AndroidManifest.xml:29:13-37
180            <meta-data
180-->[com.google.android.gms:play-services-measurement-api:17.2.2] AndroidManifest.xml:30:13-32:85
181                android:name="com.google.firebase.components:com.google.firebase.analytics.connector.internal.AnalyticsConnectorRegistrar"
181-->[com.google.android.gms:play-services-measurement-api:17.2.2] AndroidManifest.xml:31:17-139
182                android:value="com.google.firebase.components.ComponentRegistrar" />
182-->[com.google.android.gms:play-services-measurement-api:17.2.2] AndroidManifest.xml:32:17-82
183            <meta-data
183-->[com.google.firebase:firebase-iid:20.0.2] AndroidManifest.xml:32:13-34:85
184                android:name="com.google.firebase.components:com.google.firebase.iid.Registrar"
184-->[com.google.firebase:firebase-iid:20.0.2] AndroidManifest.xml:33:17-96
185                android:value="com.google.firebase.components.ComponentRegistrar" />
185-->[com.google.firebase:firebase-iid:20.0.2] AndroidManifest.xml:34:17-82
186        </service>
187
188        <receiver
188-->[com.google.firebase:firebase-iid:20.0.2] AndroidManifest.xml:37:9-44:20
189            android:name="com.google.firebase.iid.FirebaseInstanceIdReceiver"
189-->[com.google.firebase:firebase-iid:20.0.2] AndroidManifest.xml:38:13-78
190            android:exported="true"
190-->[com.google.firebase:firebase-iid:20.0.2] AndroidManifest.xml:39:13-36
191            android:permission="com.google.android.c2dm.permission.SEND" >
191-->[com.google.firebase:firebase-iid:20.0.2] AndroidManifest.xml:40:13-73
192            <intent-filter>
192-->[com.google.firebase:firebase-iid:20.0.2] AndroidManifest.xml:41:13-43:29
193                <action android:name="com.google.android.c2dm.intent.RECEIVE" />
193-->[com.google.firebase:firebase-iid:20.0.2] AndroidManifest.xml:42:17-81
193-->[com.google.firebase:firebase-iid:20.0.2] AndroidManifest.xml:42:25-78
194            </intent-filter>
195        </receiver>
196
197        <activity
197-->[com.google.android.gms:play-services-base:17.0.0] AndroidManifest.xml:23:9-26:75
198            android:name="com.google.android.gms.common.api.GoogleApiActivity"
198-->[com.google.android.gms:play-services-base:17.0.0] AndroidManifest.xml:24:13-79
199            android:exported="false"
199-->[com.google.android.gms:play-services-base:17.0.0] AndroidManifest.xml:25:13-37
200            android:theme="@android:style/Theme.Translucent.NoTitleBar" />
200-->[com.google.android.gms:play-services-base:17.0.0] AndroidManifest.xml:26:13-72
201
202        <receiver
202-->[com.google.android.gms:play-services-measurement:17.2.2] AndroidManifest.xml:29:9-33:20
203            android:name="com.google.android.gms.measurement.AppMeasurementReceiver"
203-->[com.google.android.gms:play-services-measurement:17.2.2] AndroidManifest.xml:30:13-85
204            android:enabled="true"
204-->[com.google.android.gms:play-services-measurement:17.2.2] AndroidManifest.xml:31:13-35
205            android:exported="false" >
205-->[com.google.android.gms:play-services-measurement:17.2.2] AndroidManifest.xml:32:13-37
206        </receiver>
207        <receiver
207-->[com.google.android.gms:play-services-measurement:17.2.2] AndroidManifest.xml:34:9-42:20
208            android:name="com.google.android.gms.measurement.AppMeasurementInstallReferrerReceiver"
208-->[com.google.android.gms:play-services-measurement:17.2.2] AndroidManifest.xml:35:13-100
209            android:enabled="true"
209-->[com.google.android.gms:play-services-measurement:17.2.2] AndroidManifest.xml:36:13-35
210            android:exported="true"
210-->[com.google.android.gms:play-services-measurement:17.2.2] AndroidManifest.xml:37:13-36
211            android:permission="android.permission.INSTALL_PACKAGES" >
211-->[com.google.android.gms:play-services-measurement:17.2.2] AndroidManifest.xml:38:13-69
212            <intent-filter>
212-->[com.google.android.gms:play-services-measurement:17.2.2] AndroidManifest.xml:39:13-41:29
213                <action android:name="com.android.vending.INSTALL_REFERRER" />
213-->[com.google.android.gms:play-services-measurement:17.2.2] AndroidManifest.xml:40:17-79
213-->[com.google.android.gms:play-services-measurement:17.2.2] AndroidManifest.xml:40:25-76
214            </intent-filter>
215        </receiver>
216
217        <service
217-->[com.google.android.gms:play-services-measurement:17.2.2] AndroidManifest.xml:44:9-47:40
218            android:name="com.google.android.gms.measurement.AppMeasurementService"
218-->[com.google.android.gms:play-services-measurement:17.2.2] AndroidManifest.xml:45:13-84
219            android:enabled="true"
219-->[com.google.android.gms:play-services-measurement:17.2.2] AndroidManifest.xml:46:13-35
220            android:exported="false" />
220-->[com.google.android.gms:play-services-measurement:17.2.2] AndroidManifest.xml:47:13-37
221        <service
221-->[com.google.android.gms:play-services-measurement:17.2.2] AndroidManifest.xml:48:9-52:72
222            android:name="com.google.android.gms.measurement.AppMeasurementJobService"
222-->[com.google.android.gms:play-services-measurement:17.2.2] AndroidManifest.xml:49:13-87
223            android:enabled="true"
223-->[com.google.android.gms:play-services-measurement:17.2.2] AndroidManifest.xml:50:13-35
224            android:exported="false"
224-->[com.google.android.gms:play-services-measurement:17.2.2] AndroidManifest.xml:51:13-37
225            android:permission="android.permission.BIND_JOB_SERVICE" />
225-->[com.google.android.gms:play-services-measurement:17.2.2] AndroidManifest.xml:52:13-69
226
227        <provider
227-->[com.google.firebase:firebase-common:19.3.0] AndroidManifest.xml:26:9-30:39
228            android:name="com.google.firebase.provider.FirebaseInitProvider"
228-->[com.google.firebase:firebase-common:19.3.0] AndroidManifest.xml:27:13-77
229            android:authorities="com.firebrainsgrp.Nuvle.firebaseinitprovider"
229-->[com.google.firebase:firebase-common:19.3.0] AndroidManifest.xml:28:13-72
230            android:exported="false"
230-->[com.google.firebase:firebase-common:19.3.0] AndroidManifest.xml:29:13-37
231            android:initOrder="100" />
231-->[com.google.firebase:firebase-common:19.3.0] AndroidManifest.xml:30:13-36
232
233        <meta-data
233-->[com.google.android.gms:play-services-basement:17.0.0] AndroidManifest.xml:23:9-25:69
234            android:name="com.google.android.gms.version"
234-->[com.google.android.gms:play-services-basement:17.0.0] AndroidManifest.xml:24:13-58
235            android:value="@integer/google_play_services_version" />
235-->[com.google.android.gms:play-services-basement:17.0.0] AndroidManifest.xml:25:13-66
236    </application>
237
238</manifest>